<?xml version="1.0" encoding="UTF-8"?>
<!-- Generated by org.testng.reporters.JUnitXMLReporter -->
<testsuite hostname="AVs-MacBook-Pro.local" ignored="0" name="Test" tests="4" failures="0" timestamp="15 Jan 2021 01:40:35 GMT" time="44.027" errors="0">
  <testcase name="createLeave" time="7.016" classname="com.actitime.test.CreateLeaveTest"/>
  <testcase name="createCustomer" time="8.818" classname="com.actitime.test.CreateCustomerTest"/>
  <testcase name="logginin" time="2.967" classname="com.actitime.test.ActitimeTest"/>
  <testcase name="deletecustomer" time="6.296" classname="com.actitime.test.DeleteCustomer"/>
</testsuite> <!-- Test -->
